<?xml version="1.0" encoding="UTF-8"?>
<!-- Generated by org.testng.reporters.JUnitReportReporter -->
<testsuite hostname="LAPTOP-SD7F3B17" failures="0" tests="1" name="testCases.FillingCorporateGiftCardCredentials.SendersDetailsWithoutNameTest" time="13.418" errors="0" timestamp="2022-04-04T19:13:38 IST" skipped="0">
  <testcase classname="testCases.FillingCorporateGiftCardCredentials.SendersDetailsWithoutNameTest" name="sendersDetailsWithoutName" time="13.418"/>
  <system-out/>
</testsuite> <!-- testCases.FillingCorporateGiftCardCredentials.SendersDetailsWithoutNameTest -->
