<?xml version="1.0" encoding="UTF-8"?>
<!-- Generated by org.testng.reporters.JUnitReportReporter -->
<testsuite hostname="LAPTOP-SD7F3B17" failures="0" tests="1" name="testCases.FillingCabsDetails.SelectDepartureDate" time="5.891" errors="0" timestamp="2022-04-04T19:13:38 IST" skipped="0">
  <testcase classname="testCases.FillingCabsDetails.SelectDepartureDate" name="selectDepatureDate" time="5.891"/>
  <system-out/>
</testsuite> <!-- testCases.FillingCabsDetails.SelectDepartureDate -->
