<?xml version="1.0" encoding="UTF-8"?>
<!-- Generated by org.testng.reporters.JUnitReportReporter -->
<testsuite hostname="LAPTOP-SD7F3B17" failures="0" tests="1" name="testCases.CabsPageSelectionFromMenu.CheckCabsOption" time="4.655" errors="0" timestamp="2022-04-08T15:47:19 IST" skipped="0">
  <testcase classname="testCases.CabsPageSelectionFromMenu.CheckCabsOption" name="checkCabsOption" time="4.655"/>
  <system-out/>
</testsuite> <!-- testCases.CabsPageSelectionFromMenu.CheckCabsOption -->
