<?xml version="1.0" encoding="UTF-8"?>
<!-- Generated by org.testng.reporters.JUnitReportReporter -->
<testsuite hostname="LAPTOP-SD7F3B17" failures="0" tests="3" name="testCases.SearchButtonFunctionalityCabsPage.SearchCabsFromToDataDrivenTest" time="84.823" errors="0" timestamp="2022-04-04T19:13:38 IST" skipped="0">
  <testcase classname="testCases.SearchButtonFunctionalityCabsPage.SearchCabsFromToDataDrivenTest" name="searchCabsFromToDataDrivenTest" time="30.575"/>
  <system-out/>
  <testcase classname="testCases.SearchButtonFunctionalityCabsPage.SearchCabsFromToDataDrivenTest" name="searchCabsFromToDataDrivenTest" time="26.834"/>
  <system-out/>
  <testcase classname="testCases.SearchButtonFunctionalityCabsPage.SearchCabsFromToDataDrivenTest" name="searchCabsFromToDataDrivenTest" time="27.414"/>
  <system-out/>
</testsuite> <!-- testCases.SearchButtonFunctionalityCabsPage.SearchCabsFromToDataDrivenTest -->
