<?xml version="1.0" encoding="UTF-8"?>
<!-- Generated by org.testng.reporters.JUnitReportReporter -->
<testsuite hostname="LAPTOP-SD7F3B17" failures="0" tests="1" name="testCases.GiftCardPageSelection.NavigateGiftCardsPageTest" time="9.798" errors="0" timestamp="2022-04-04T19:13:38 IST" skipped="0">
  <testcase classname="testCases.GiftCardPageSelection.NavigateGiftCardsPageTest" name="navigateGiftCardsPageTest" time="9.798"/>
  <system-out/>
</testsuite> <!-- testCases.GiftCardPageSelection.NavigateGiftCardsPageTest -->
