<?xml version="1.0" encoding="UTF-8"?>
<!-- Generated by org.testng.reporters.JUnitReportReporter -->
<testsuite hostname="LAPTOP-SD7F3B17" failures="0" tests="1" name="testCases.VerifyRoomsandAdultsfromHotelsPage.VerifyRoomDetailBox" time="11.188" errors="0" timestamp="2022-04-04T19:13:38 IST" skipped="0">
  <testcase classname="testCases.VerifyRoomsandAdultsfromHotelsPage.VerifyRoomDetailBox" name="checkRoomDetailBox" time="11.188"/>
  <system-out/>
</testsuite> <!-- testCases.VerifyRoomsandAdultsfromHotelsPage.VerifyRoomDetailBox -->
