<?xml version="1.0" encoding="UTF-8"?>
<!-- Generated by org.testng.reporters.JUnitReportReporter -->
<testsuite hostname="LAPTOP-SD7F3B17" failures="0" tests="1" name="testCases.SearchResultFilters.FilterCabsByCabType" time="32.711" errors="0" timestamp="2022-04-04T19:13:38 IST" skipped="0">
  <testcase classname="testCases.SearchResultFilters.FilterCabsByCabType" name="filterCabsByCabType" time="32.711"/>
  <system-out/>
</testsuite> <!-- testCases.SearchResultFilters.FilterCabsByCabType -->
