<?xml version="1.0" encoding="UTF-8"?>
<!-- Generated by org.testng.reporters.JUnitReportReporter -->
<testsuite hostname="LAPTOP-SD7F3B17" failures="0" tests="1" name="testCases.HotelsPageSelection.VerifyUrlAfterClickOnHotel" time="8.900" errors="0" timestamp="2022-04-04T19:13:38 IST" skipped="0">
  <testcase classname="testCases.HotelsPageSelection.VerifyUrlAfterClickOnHotel" name="verifyUrlOfHotel" time="8.900"/>
  <system-out/>
</testsuite> <!-- testCases.HotelsPageSelection.VerifyUrlAfterClickOnHotel -->
