<?xml version="1.0" encoding="UTF-8"?>
<!-- Generated by org.testng.reporters.JUnitReportReporter -->
<testsuite hostname="LAPTOP-SD7F3B17" failures="0" tests="1" name="testCases.FillingCabsDetails.PickupTimeSelection" time="5.987" errors="0" timestamp="2022-04-04T22:14:12 IST" skipped="0">
  <testcase classname="testCases.FillingCabsDetails.PickupTimeSelection" name="pickupTimeSelection" time="5.987"/>
  <system-out/>
</testsuite> <!-- testCases.FillingCabsDetails.PickupTimeSelection -->
