<?xml version="1.0" encoding="UTF-8"?>
<!-- Generated by org.testng.reporters.JUnitReportReporter -->
<testsuite hostname="LAPTOP-SD7F3B17" failures="0" tests="1" name="testCases.SearchButtonFunctionalityCabsPage.CheckSearchButtonTest" time="4.681" errors="0" timestamp="2022-04-04T22:14:12 IST" skipped="0">
  <testcase classname="testCases.SearchButtonFunctionalityCabsPage.CheckSearchButtonTest" name="checkSearchButton" time="4.681"/>
  <system-out/>
</testsuite> <!-- testCases.SearchButtonFunctionalityCabsPage.CheckSearchButtonTest -->
